# JRE version: OpenJDK Runtime Environment (8.0_212-b04) (build 1.8.0_212-b04)
# Java VM: OpenJDK 64-Bit Server VM (25.212-b04 mixed mode linux-amd64 compressed oops)
Heap:
 PSYoungGen      total 328192K, used 17913K [0x00000000d7200000, 0x00000000eca00000, 0x0000000100000000)
  eden space 310272K, 0% used [0x00000000d7200000,0x00000000d7200000,0x00000000ea100000)
  from space 17920K, 99% used [0x00000000ea700000,0x00000000eb87e6f8,0x00000000eb880000)
  to   space 12800K, 0% used [0x00000000ebd80000,0x00000000ebd80000,0x00000000eca00000)
 ParOldGen       total 82432K, used 21319K [0x0000000085600000, 0x000000008a680000, 0x00000000d7200000)
  object space 82432K, 25% used [0x0000000085600000,0x0000000086ad1d78,0x000000008a680000)
 Metaspace       used 56763K, capacity 58856K, committed 59160K, reserved 1101824K
  class space    used 7332K, capacity 7770K, committed 7848K, reserved 1048576K
GC Heap History (10 events):
Event: 11.051 GC heap after
Heap after GC invocations=6 (full 1):
 PSYoungGen      total 132096K, used 5116K [0x00000000d7200000, 0x00000000e5100000, 0x0000000100000000)
  eden space 126976K, 0% used [0x00000000d7200000,0x00000000d7200000,0x00000000dee00000)
  from space 5120K, 99% used [0x00000000dee00000,0x00000000df2ff270,0x00000000df300000)
  to   space 11776K, 0% used [0x00000000e4580000,0x00000000e4580000,0x00000000e5100000)
 ParOldGen       total 56832K, used 12487K [0x0000000085600000, 0x0000000088d80000, 0x00000000d7200000)
  object space 56832K, 21% used [0x0000000085600000,0x0000000086231c90,0x0000000088d80000)
 Metaspace       used 24855K, capacity 25484K, committed 25728K, reserved 1071104K
  class space    used 2986K, capacity 3161K, committed 3200K, reserved 1048576K
}
Event: 17.063 GC heap before
{Heap before GC invocations=7 (full 1):
 PSYoungGen      total 132096K, used 132092K [0x00000000d7200000, 0x00000000e5100000, 0x0000000100000000)
  eden space 126976K, 100% used [0x00000000d7200000,0x00000000dee00000,0x00000000dee00000)
  from space 5120K, 99% used [0x00000000dee00000,0x00000000df2ff270,0x00000000df300000)
  to   space 11776K, 0% used [0x00000000e4580000,0x00000000e4580000,0x00000000e5100000)
 ParOldGen       total 56832K, used 12487K [0x0000000085600000, 0x0000000088d80000, 0x00000000d7200000)
  object space 56832K, 21% used [0x0000000085600000,0x0000000086231c90,0x0000000088d80000)
 Metaspace       used 32340K, capacity 33868K, committed 34048K, reserved 1079296K
  class space    used 4005K, capacity 4284K, committed 4352K, reserved 1048576K
Event: 17.147 GC heap after
Heap after GC invocations=7 (full 1):
 PSYoungGen      total 210944K, used 11767K [0x00000000d7200000, 0x00000000e5280000, 0x0000000100000000)
  eden space 199168K, 0% used [0x00000000d7200000,0x00000000d7200000,0x00000000e3480000)
  from space 11776K, 99% used [0x00000000e4580000,0x00000000e50fdf78,0x00000000e5100000)
  to   space 15360K, 0% used [0x00000000e3480000,0x00000000e3480000,0x00000000e4380000)
 ParOldGen       total 56832K, used 14824K [0x0000000085600000, 0x0000000088d80000, 0x00000000d7200000)
  object space 56832K, 26% used [0x0000000085600000,0x000000008647a2a0,0x0000000088d80000)
 Metaspace       used 32340K, capacity 33868K, committed 34048K, reserved 1079296K
  class space    used 4005K, capacity 4284K, committed 4352K, reserved 1048576K
}
Event: 17.989 GC heap before
{Heap before GC invocations=8 (full 1):
 PSYoungGen      total 210944K, used 29035K [0x00000000d7200000, 0x00000000e5280000, 0x0000000100000000)
  eden space 199168K, 8% used [0x00000000d7200000,0x00000000d82dce98,0x00000000e3480000)
  from space 11776K, 99% used [0x00000000e4580000,0x00000000e50fdf78,0x00000000e5100000)
  to   space 15360K, 0% used [0x00000000e3480000,0x00000000e3480000,0x00000000e4380000)
 ParOldGen       total 56832K, used 14824K [0x0000000085600000, 0x0000000088d80000, 0x00000000d7200000)
  object space 56832K, 26% used [0x0000000085600000,0x000000008647a2a0,0x0000000088d80000)
 Metaspace       used 33915K, capacity 35414K, committed 35496K, reserved 1081344K
  class space    used 4198K, capacity 4493K, committed 4520K, reserved 1048576K
Event: 18.046 GC heap after
Heap after GC invocations=8 (full 1):
 PSYoungGen      total 214528K, used 13223K [0x00000000d7200000, 0x00000000ece00000, 0x0000000100000000)
  eden space 199168K, 0% used [0x00000000d7200000,0x00000000d7200000,0x00000000e3480000)
  from space 15360K, 86% used [0x00000000e3480000,0x00000000e4169dc8,0x00000000e4380000)
  to   space 16896K, 0% used [0x00000000ebd80000,0x00000000ebd80000,0x00000000ece00000)
 ParOldGen       total 56832K, used 14832K [0x0000000085600000, 0x0000000088d80000, 0x00000000d7200000)
  object space 56832K, 26% used [0x0000000085600000,0x000000008647c2a0,0x0000000088d80000)
 Metaspace       used 33915K, capacity 35414K, committed 35496K, reserved 1081344K
  class space    used 4198K, capacity 4493K, committed 4520K, reserved 1048576K
}
Event: 18.046 GC heap before
{Heap before GC invocations=9 (full 2):
 PSYoungGen      total 214528K, used 13223K [0x00000000d7200000, 0x00000000ece00000, 0x0000000100000000)
  eden space 199168K, 0% used [0x00000000d7200000,0x00000000d7200000,0x00000000e3480000)
  from space 15360K, 86% used [0x00000000e3480000,0x00000000e4169dc8,0x00000000e4380000)
  to   space 16896K, 0% used [0x00000000ebd80000,0x00000000ebd80000,0x00000000ece00000)
 ParOldGen       total 56832K, used 14832K [0x0000000085600000, 0x0000000088d80000, 0x00000000d7200000)
  object space 56832K, 26% used [0x0000000085600000,0x000000008647c2a0,0x0000000088d80000)
 Metaspace       used 33915K, capacity 35414K, committed 35496K, reserved 1081344K
  class space    used 4198K, capacity 4493K, committed 4520K, reserved 1048576K
Event: 18.342 GC heap after
Heap after GC invocations=9 (full 2):
 PSYoungGen      total 214528K, used 0K [0x00000000d7200000, 0x00000000ece00000, 0x0000000100000000)
  eden space 199168K, 0% used [0x00000000d7200000,0x00000000d7200000,0x00000000e3480000)
  from space 15360K, 0% used [0x00000000e3480000,0x00000000e3480000,0x00000000e4380000)
  to   space 16896K, 0% used [0x00000000ebd80000,0x00000000ebd80000,0x00000000ece00000)
 ParOldGen       total 82432K, used 17022K [0x0000000085600000, 0x000000008a680000, 0x00000000d7200000)
  object space 82432K, 20% used [0x0000000085600000,0x000000008669fac8,0x000000008a680000)
 Metaspace       used 33915K, capacity 35414K, committed 35496K, reserved 1081344K
  class space    used 4198K, capacity 4493K, committed 4520K, reserved 1048576K
}
Event: 27.545 GC heap before
{Heap before GC invocations=10 (full 2):
 PSYoungGen      total 214528K, used 199168K [0x00000000d7200000, 0x00000000ece00000, 0x0000000100000000)
  eden space 199168K, 100% used [0x00000000d7200000,0x00000000e3480000,0x00000000e3480000)
  from space 15360K, 0% used [0x00000000e3480000,0x00000000e3480000,0x00000000e4380000)
  to   space 16896K, 0% used [0x00000000ebd80000,0x00000000ebd80000,0x00000000ece00000)
 ParOldGen       total 82432K, used 17022K [0x0000000085600000, 0x000000008a680000, 0x00000000d7200000)
  object space 82432K, 20% used [0x0000000085600000,0x000000008669fac8,0x000000008a680000)
 Metaspace       used 43510K, capacity 45426K, committed 45864K, reserved 1089536K
  class space    used 5223K, capacity 5563K, committed 5672K, reserved 1048576K
Event: 27.605 GC heap after
Heap after GC invocations=10 (full 2):
 PSYoungGen      total 323072K, used 12408K [0x00000000d7200000, 0x00000000eca00000, 0x0000000100000000)
  eden space 310272K, 0% used [0x00000000d7200000,0x00000000d7200000,0x00000000ea100000)
  from space 12800K, 96% used [0x00000000ebd80000,0x00000000ec99e298,0x00000000eca00000)
  to   space 17920K, 0% used [0x00000000ea700000,0x00000000ea700000,0x00000000eb880000)
 ParOldGen       total 82432K, used 17038K [0x0000000085600000, 0x000000008a680000, 0x00000000d7200000)
  object space 82432K, 20% used [0x0000000085600000,0x00000000866a3ac8,0x000000008a680000)
 Metaspace       used 43510K, capacity 45426K, committed 45864K, reserved 1089536K
  class space    used 5223K, capacity 5563K, committed 5672K, reserved 1048576K
}
Event: 31.889 GC heap before
{Heap before GC invocations=11 (full 2):
 PSYoungGen      total 323072K, used 133046K [0x00000000d7200000, 0x00000000eca00000, 0x0000000100000000)
  eden space 310272K, 38% used [0x00000000d7200000,0x00000000de7cf798,0x00000000ea100000)
  from space 12800K, 96% used [0x00000000ebd80000,0x00000000ec99e298,0x00000000eca00000)
  to   space 17920K, 0% used [0x00000000ea700000,0x00000000ea700000,0x00000000eb880000)
 ParOldGen       total 82432K, used 17038K [0x0000000085600000, 0x000000008a680000, 0x00000000d7200000)
  object space 82432K, 20% used [0x0000000085600000,0x00000000866a3ac8,0x000000008a680000)
 Metaspace       used 56763K, capacity 58856K, committed 59160K, reserved 1101824K
  class space    used 7332K, capacity 7770K, committed 7848K, reserved 1048576K

